{"C:\\Users\\Atul\\Desktop\\100xdevs\\assignments\\week-3\\01-middlewares\\02-ratelimitter.js": {"path":"C:\\Users\\Atul\\Desktop\\100xdevs\\assignments\\week-3\\01-middlewares\\02-ratelimitter.js","all":false,"statementMap":{"0":{"start":{"line":1,"column":0},"end":{"line":1,"column":37}},"1":{"start":{"line":2,"column":0},"end":{"line":2,"column":33}},"2":{"start":{"line":3,"column":0},"end":{"line":3,"column":35}},"3":{"start":{"line":4,"column":0},"end":{"line":4,"column":22}},"4":{"start":{"line":5,"column":0},"end":{"line":5,"column":67}},"5":{"start":{"line":6,"column":0},"end":{"line":6,"column":66}},"6":{"start":{"line":7,"column":0},"end":{"line":7,"column":67}},"7":{"start":{"line":8,"column":0},"end":{"line":8,"column":70}},"8":{"start":{"line":9,"column":0},"end":{"line":9,"column":32}},"9":{"start":{"line":10,"column":0},"end":{"line":10,"column":67}},"10":{"start":{"line":11,"column":0},"end":{"line":11,"column":79}},"11":{"start":{"line":12,"column":0},"end":{"line":12,"column":26}},"12":{"start":{"line":13,"column":0},"end":{"line":13,"column":0}},"13":{"start":{"line":14,"column":0},"end":{"line":14,"column":33}},"14":{"start":{"line":15,"column":0},"end":{"line":15,"column":19}},"15":{"start":{"line":16,"column":0},"end":{"line":16,"column":33}},"16":{"start":{"line":17,"column":0},"end":{"line":17,"column":8}},"17":{"start":{"line":18,"column":0},"end":{"line":18,"column":36}},"18":{"start":{"line":19,"column":0},"end":{"line":19,"column":44}},"19":{"start":{"line":20,"column":0},"end":{"line":20,"column":57}},"20":{"start":{"line":21,"column":0},"end":{"line":21,"column":40}},"21":{"start":{"line":22,"column":0},"end":{"line":22,"column":47}},"22":{"start":{"line":23,"column":0},"end":{"line":23,"column":79}},"23":{"start":{"line":24,"column":0},"end":{"line":24,"column":6}},"24":{"start":{"line":25,"column":0},"end":{"line":25,"column":5}},"25":{"start":{"line":26,"column":0},"end":{"line":26,"column":3}},"26":{"start":{"line":27,"column":0},"end":{"line":27,"column":8}},"27":{"start":{"line":28,"column":0},"end":{"line":28,"column":42}},"28":{"start":{"line":29,"column":0},"end":{"line":29,"column":3}},"29":{"start":{"line":30,"column":0},"end":{"line":30,"column":9}},"30":{"start":{"line":31,"column":0},"end":{"line":31,"column":1}},"31":{"start":{"line":32,"column":0},"end":{"line":32,"column":19}},"32":{"start":{"line":33,"column":0},"end":{"line":33,"column":37}},"33":{"start":{"line":34,"column":0},"end":{"line":34,"column":41}},"34":{"start":{"line":35,"column":0},"end":{"line":35,"column":3}},"35":{"start":{"line":36,"column":0},"end":{"line":36,"column":0}},"36":{"start":{"line":37,"column":0},"end":{"line":37,"column":38}},"37":{"start":{"line":38,"column":0},"end":{"line":38,"column":54}},"38":{"start":{"line":39,"column":0},"end":{"line":39,"column":3}},"39":{"start":{"line":40,"column":0},"end":{"line":40,"column":0}},"40":{"start":{"line":41,"column":0},"end":{"line":41,"column":0}},"41":{"start":{"line":42,"column":0},"end":{"line":42,"column":21}}},"s":{"0":1,"1":1,"2":1,"3":1,"4":1,"5":1,"6":1,"7":1,"8":1,"9":1,"10":1,"11":1,"12":1,"13":1,"14":1,"15":2,"16":1,"17":13,"18":13,"19":13,"20":11,"21":11,"22":8,"23":8,"24":8,"25":11,"26":2,"27":2,"28":2,"29":5,"30":5,"31":1,"32":1,"33":5,"34":1,"35":1,"36":1,"37":0,"38":1,"39":1,"40":1,"41":1},"branchMap":{"0":{"type":"branch","line":15,"loc":{"start":{"line":15,"column":12},"end":{"line":17,"column":3}},"locations":[{"start":{"line":15,"column":12},"end":{"line":17,"column":3}}]},"1":{"type":"branch","line":18,"loc":{"start":{"line":18,"column":0},"end":{"line":31,"column":1}},"locations":[{"start":{"line":18,"column":0},"end":{"line":31,"column":1}}]},"2":{"type":"branch","line":20,"loc":{"start":{"line":20,"column":56},"end":{"line":26,"column":3}},"locations":[{"start":{"line":20,"column":56},"end":{"line":26,"column":3}}]},"3":{"type":"branch","line":22,"loc":{"start":{"line":22,"column":46},"end":{"line":25,"column":5}},"locations":[{"start":{"line":22,"column":46},"end":{"line":25,"column":5}}]},"4":{"type":"branch","line":27,"loc":{"start":{"line":27,"column":-2},"end":{"line":29,"column":3}},"locations":[{"start":{"line":27,"column":-2},"end":{"line":29,"column":3}}]},"5":{"type":"branch","line":29,"loc":{"start":{"line":29,"column":2},"end":{"line":31,"column":1}},"locations":[{"start":{"line":29,"column":2},"end":{"line":31,"column":1}}]},"6":{"type":"branch","line":33,"loc":{"start":{"line":33,"column":17},"end":{"line":35,"column":2}},"locations":[{"start":{"line":33,"column":17},"end":{"line":35,"column":2}}]}},"b":{"0":[2],"1":[13],"2":[11],"3":[8],"4":[2],"5":[5],"6":[5]},"fnMap":{"0":{"name":"countUser","decl":{"start":{"line":18,"column":0},"end":{"line":31,"column":1}},"loc":{"start":{"line":18,"column":0},"end":{"line":31,"column":1}},"line":18}},"f":{"0":13}}
}
